2022-08-27 16:22:40.583  INFO 5472 --- [main] com.example.demo.liMapperTest            : Starting liMapperTest on li-PC with PID 5472 (started by li in D:\ideaWork\myBatis-boot)
2022-08-27 16:22:40.613  INFO 5472 --- [main] com.example.demo.liMapperTest            : The following profiles are active: dev
2022-08-27 16:22:46.753  INFO 5472 --- [main] o.s.s.concurrent.ThreadPoolTaskExecutor  : Initializing ExecutorService 'applicationTaskExecutor'
2022-08-27 16:22:48.783  INFO 5472 --- [main] com.example.demo.liMapperTest            : Started liMapperTest in 10.235 seconds (JVM running for 16.282)
2022-08-27 16:22:50.023  INFO 5472 --- [main] com.zaxxer.hikari.HikariDataSource       : HikariPool-1 - Starting...
2022-08-27 16:22:50.913  INFO 5472 --- [main] com.zaxxer.hikari.HikariDataSource       : HikariPool-1 - Start completed.
2022-08-27 16:22:51.213  INFO 5472 --- [main] com.example.demo.liMapperTest            : 我是info
2022-08-27 16:22:51.303  INFO 5472 --- [SpringContextShutdownHook] com.zaxxer.hikari.HikariDataSource       : HikariPool-1 - Shutdown initiated...
2022-08-27 16:22:51.343  INFO 5472 --- [SpringContextShutdownHook] com.zaxxer.hikari.HikariDataSource       : HikariPool-1 - Shutdown completed.
2022-08-27 16:22:51.343  INFO 5472 --- [SpringContextShutdownHook] o.s.s.concurrent.ThreadPoolTaskExecutor  : Shutting down ExecutorService 'applicationTaskExecutor'
2022-08-27 16:23:15.646  INFO 7052 --- [main] com.example.demo.liMapperTest            : Starting liMapperTest on li-PC with PID 7052 (started by li in D:\ideaWork\myBatis-boot)
2022-08-27 16:23:15.646  INFO 7052 --- [main] com.example.demo.liMapperTest            : The following profiles are active: dev
2022-08-27 16:23:17.496  INFO 7052 --- [main] o.s.s.concurrent.ThreadPoolTaskExecutor  : Initializing ExecutorService 'applicationTaskExecutor'
2022-08-27 16:23:18.296  INFO 7052 --- [main] com.example.demo.liMapperTest            : Started liMapperTest in 3.288 seconds (JVM running for 5.752)
2022-08-27 16:23:18.696  INFO 7052 --- [main] com.zaxxer.hikari.HikariDataSource       : HikariPool-1 - Starting...
2022-08-27 16:23:19.316  INFO 7052 --- [main] com.zaxxer.hikari.HikariDataSource       : HikariPool-1 - Start completed.
2022-08-27 16:23:19.528  INFO 7052 --- [main] com.example.demo.liMapperTest            : 我是info
2022-08-27 16:23:19.588  INFO 7052 --- [SpringContextShutdownHook] com.zaxxer.hikari.HikariDataSource       : HikariPool-1 - Shutdown initiated...
2022-08-27 16:23:19.630  INFO 7052 --- [SpringContextShutdownHook] com.zaxxer.hikari.HikariDataSource       : HikariPool-1 - Shutdown completed.
2022-08-27 16:23:19.630  INFO 7052 --- [SpringContextShutdownHook] o.s.s.concurrent.ThreadPoolTaskExecutor  : Shutting down ExecutorService 'applicationTaskExecutor'
2022-08-27 16:35:15.171  INFO 3828 --- [main] com.example.demo.liMapperTest            : Starting liMapperTest on li-PC with PID 3828 (started by li in D:\ideaWork\myBatis-boot)
2022-08-27 16:35:15.171  INFO 3828 --- [main] com.example.demo.liMapperTest            : The following profiles are active: dev
2022-08-27 16:35:17.311  INFO 3828 --- [main] o.s.s.concurrent.ThreadPoolTaskExecutor  : Initializing ExecutorService 'applicationTaskExecutor'
2022-08-27 16:35:18.231  INFO 3828 --- [main] com.example.demo.liMapperTest            : Started liMapperTest in 3.639 seconds (JVM running for 5.778)
2022-08-27 16:35:18.541  INFO 3828 --- [main] com.zaxxer.hikari.HikariDataSource       : HikariPool-1 - Starting...
2022-08-27 16:35:18.831  INFO 3828 --- [main] com.zaxxer.hikari.HikariDataSource       : HikariPool-1 - Start completed.
2022-08-27 16:35:18.921  INFO 3828 --- [main] com.example.demo.liMapperTest            : 我是info
2022-08-27 16:35:18.961  INFO 3828 --- [SpringContextShutdownHook] com.zaxxer.hikari.HikariDataSource       : HikariPool-1 - Shutdown initiated...
2022-08-27 16:35:18.991  INFO 3828 --- [SpringContextShutdownHook] com.zaxxer.hikari.HikariDataSource       : HikariPool-1 - Shutdown completed.
2022-08-27 16:35:18.991  INFO 3828 --- [SpringContextShutdownHook] o.s.s.concurrent.ThreadPoolTaskExecutor  : Shutting down ExecutorService 'applicationTaskExecutor'
